<?xml version="1.0" encoding="UTF-8"?>
<!-- Generated by org.testng.reporters.JUnitReportReporter -->
<testsuite hostname="LD-ASHUTOSSAHOO" failures="0" tests="1" name="Method.TestBase" time="14.017" errors="0" timestamp="2023-06-23T18:01:49 IST" skipped="0">
  <testcase classname="Method.TestBase" name="execution" time="14.017"/>
  <system-out/>
</testsuite> <!-- Method.TestBase -->
