<?xml version="1.0" encoding="UTF-8"?>
<!-- Generated by org.testng.reporters.JUnitReportReporter -->
<testsuite hostname="LD-ASHUTOSSAHOO" failures="0" tests="1" name="Method.CaseStudy6" time="0.149" errors="0" timestamp="2023-06-05T16:27:38 IST" skipped="0">
  <testcase classname="Method.CaseStudy6" name="XYZ" time="0.149"/>
  <system-out/>
</testsuite> <!-- Method.CaseStudy6 -->
