<?xml version="1.0" encoding="UTF-8"?>
<!-- Generated by org.testng.reporters.JUnitReportReporter -->
<testsuite hostname="LD-ASHUTOSSAHOO" failures="0" tests="1" name="Method.CaseStudy7" time="28.040" errors="0" timestamp="2023-06-19T14:59:21 IST" skipped="0">
  <testcase classname="Method.CaseStudy7" name="Test" time="28.040"/>
  <system-out/>
</testsuite> <!-- Method.CaseStudy7 -->
