<?xml version="1.0" encoding="UTF-8"?>
<!-- Generated by org.testng.reporters.JUnitReportReporter -->
<testsuite hostname="LD-ASHUTOSSAHOO" failures="0" tests="1" name="Method.CaseStudy4" time="50.778" errors="0" timestamp="2023-06-17T20:06:25 IST" skipped="0">
  <testcase classname="Method.CaseStudy4" name="checkoutlast" time="50.778"/>
  <system-out/>
</testsuite> <!-- Method.CaseStudy4 -->
