<?xml version="1.0" encoding="UTF-8"?>
<!-- Generated by org.testng.reporters.JUnitReportReporter -->
<testsuite hostname="LD-ASHUTOSSAHOO" failures="0" tests="1" name="Method.TestClass" time="14.054" errors="0" timestamp="2023-05-31T15:10:43 IST" skipped="0">
  <testcase classname="Method.TestClass" name="execution" time="14.054"/>
  <system-out/>
</testsuite> <!-- Method.TestClass -->
